Started GET "/" for ::1 at 2016-09-28 14:09:41 +0530
Processing by Rails::WelcomeController#index as HTML
  Parameters: {"internal"=>true}
  Rendering /usr/local/lib/ruby/gems/2.3.0/gems/railties-5.0.0.1/lib/rails/templates/rails/welcome/index.html.erb
  Rendered /usr/local/lib/ruby/gems/2.3.0/gems/railties-5.0.0.1/lib/rails/templates/rails/welcome/index.html.erb (5.9ms)
Completed 200 OK in 55ms (Views: 15.7ms | ActiveRecord: 0.0ms)


Started GET "/" for ::1 at 2016-09-28 14:28:50 +0530
Processing by Rails::WelcomeController#index as HTML
  Parameters: {"internal"=>true}
  Rendering /usr/local/lib/ruby/gems/2.3.0/gems/railties-5.0.0.1/lib/rails/templates/rails/welcome/index.html.erb
  Rendered /usr/local/lib/ruby/gems/2.3.0/gems/railties-5.0.0.1/lib/rails/templates/rails/welcome/index.html.erb (7.1ms)
Completed 200 OK in 42ms (Views: 27.6ms | ActiveRecord: 0.0ms)


Started GET "/" for ::1 at 2016-09-28 15:15:45 +0530
Processing by ApplicationController#hello as HTML
  Rendering html template
  Rendered html template (0.0ms)
Completed 200 OK in 10ms (Views: 10.1ms | ActiveRecord: 0.0ms)


Started GET "/" for ::1 at 2016-09-28 16:33:11 +0530
Processing by ApplicationController#hello as HTML
  Rendering html template
  Rendered html template (0.0ms)
Completed 200 OK in 37ms (Views: 27.3ms | ActiveRecord: 0.0ms)


